\BOOKMARK [0][-]{chapter*.1}{\376\377\000I\000n\000d\000e\000x}{}% 1
\BOOKMARK [0][-]{chapter.1}{\376\377\000A\000i\000m\000\040\000o\000f\000\040\000t\000h\000e\000\040\000p\000r\000o\000j\000e\000c\000t}{}% 2
\BOOKMARK [1][-]{section.1.1}{\376\377\000T\000a\000s\000k\000\040\0001\000:\000\040\000E\000x\000a\000m\000i\000n\000a\000t\000i\000o\000n\000\040\000o\000f\000\040\000n\000o\000n\000\040\000c\000o\000n\000v\000e\000x\000i\000t\000y}{chapter.1}% 3
\BOOKMARK [1][-]{section.1.2}{\376\377\000T\000a\000s\000k\000\040\0002\000:\000\040\000C\000o\000m\000p\000a\000r\000i\000s\000o\000n\000\040\000o\000f\000\040\0001\000R\000-\000\040\000a\000n\000d\000\040\000H\000i\000n\000g\000e\000\040\000L\000o\000s\000s}{chapter.1}% 4
\BOOKMARK [2][-]{subsection.1.2.1}{\376\377\000A\000n\000a\000l\000y\000t\000i\000c\000a\000l\000\040\000P\000r\000o\000o\000f}{section.1.2}% 5
\BOOKMARK [2][-]{subsection.1.2.2}{\376\377\000G\000r\000a\000p\000h\000i\000c\000a\000l\000\040\000P\000r\000o\000o\000f}{section.1.2}% 6
\BOOKMARK [2][-]{subsection.1.2.3}{\376\377\000C\000o\000n\000v\000e\000x\000i\000t\000y\000\040\000o\000f\000\040\000t\000h\000e\000\040\000H\000i\000n\000g\000e\000\040\000L\000o\000s\000s\000\040\000F\000u\000n\000c\000t\000i\000o\000n}{section.1.2}% 7
\BOOKMARK [1][-]{section.1.3}{\376\377\000T\000a\000s\000k\000\040\0003\000:\000\040\000C\000o\000n\000v\000e\000x\000i\000t\000y\000\040\000o\000f\000\040\000t\000h\000e\000\040\000F\000u\000n\000c\000t\000i\000o\000n\000\040\000g\000D\000\050\000w\0000\000,\000\040\000w\000\051}{chapter.1}% 8
\BOOKMARK [2][-]{subsection.1.3.1}{\376\377\000A\000n\000a\000l\000y\000t\000i\000c\000a\000l\000\040\000P\000r\000o\000o\000f}{section.1.3}% 9
\BOOKMARK [1][-]{section.1.4}{\376\377\000T\000a\000s\000k\000\040\0004\000:\000\040\000C\000o\000n\000v\000e\000x\000i\000t\000y\000\040\000o\000f\000\040\000t\000h\000e\000\040\000S\000e\000c\000o\000n\000d\000\040\000F\000u\000n\000c\000t\000i\000o\000n\000\040\000g\000\050\000w\0000\000,\000\040\000w\000\051}{chapter.1}% 10
\BOOKMARK [2][-]{subsection.1.4.1}{\376\377\000A\000n\000a\000l\000y\000t\000i\000c\000a\000l\000\040\000P\000r\000o\000o\000f}{section.1.4}% 11
\BOOKMARK [1][-]{section.1.5}{\376\377\000T\000a\000s\000k\000\040\0005\000:\000\040\000S\000t\000r\000o\000n\000g\000\040\000C\000o\000n\000v\000e\000x\000i\000t\000y}{chapter.1}% 12
\BOOKMARK [2][-]{subsection.1.5.1}{\376\377\000A\000n\000a\000l\000y\000t\000i\000c\000a\000l\000\040\000P\000r\000o\000o\000f}{section.1.5}% 13
\BOOKMARK [1][-]{section.1.6}{\376\377\000T\000a\000s\000k\000\040\0006\000:\000\040\000N\000u\000m\000e\000r\000i\000c\000a\000l\000\040\000S\000o\000l\000u\000t\000i\000o\000n\000\040\000U\000s\000i\000n\000g\000\040\000C\000V\000X}{chapter.1}% 14
\BOOKMARK [1][-]{section.1.7}{\376\377\000T\000a\000s\000k\000\040\0007\000:\000\040\000D\000e\000s\000i\000g\000n\000i\000n\000g\000\040\000t\000h\000e\000\040\000w\000o\000r\000s\000t\000\040\000a\000t\000t\000a\000c\000k\000\040\000t\000o\000\040\000a\000\040\000f\000e\000a\000t\000u\000r\000e\000\040\000v\000e\000c\000t\000o\000r}{chapter.1}% 15
\BOOKMARK [2][-]{subsection.1.7.1}{\376\377\000A\000n\000a\000l\000y\000t\000i\000c\000a\000l\000\040\000P\000r\000o\000o\000f}{section.1.7}% 16
\BOOKMARK [1][-]{section.1.8}{\376\377\000T\000a\000s\000k\000\040\0008}{chapter.1}% 17
\BOOKMARK [1][-]{section.1.9}{\376\377\000T\000a\000s\000k\000\040\0009}{chapter.1}% 18
\BOOKMARK [1][-]{section.1.10}{\376\377\000T\000a\000s\000k\000\040\0001\0000}{chapter.1}% 19
\BOOKMARK [0][-]{chapter.2}{\376\377\000A\000p\000p\000e\000n\000d\000i\000x\000:\000\040\000M\000a\000t\000l\000a\000b\000\040\000C\000o\000d\000e\000\040\000T\000a\000s\000k}{}% 20
\BOOKMARK [1][-]{subsection.2.0.1}{\376\377\000T\000a\000s\000k\000\040\0006\000\040\000C\000o\000d\000e}{chapter.2}% 21
\BOOKMARK [2][-]{subsection.2.0.2}{\376\377\000T\000a\000s\000k\000\040\0008\000\040\000C\000o\000d\000e}{subsection.2.0.1}% 22
\BOOKMARK [2][-]{subsection.2.0.3}{\376\377\000T\000a\000s\000k\000\040\0009\000\040\000C\000o\000d\000e}{subsection.2.0.1}% 23
\BOOKMARK [2][-]{subsection.2.0.4}{\376\377\000T\000a\000s\000k\000\040\0001\0000\000\040\000C\000o\000d\000e}{subsection.2.0.1}% 24
\BOOKMARK [0][-]{lstnumber.-4.115}{\376\377\000R\000e\000f\000e\000r\000e\000n\000c\000e\000s}{}% 25
