\BOOKMARK [0][-]{chapter*.1}{\376\377\000I\000n\000d\000e\000x}{}% 1
\BOOKMARK [0][-]{chapter.1}{\376\377\000A\000i\000m\000\040\000o\000f\000\040\000t\000h\000e\000\040\000p\000r\000o\000j\000e\000c\000t}{}% 2
\BOOKMARK [0][-]{chapter.2}{\376\377\000T\000h\000e\000o\000r\000e\000t\000i\000c\000a\000l\000\040\000C\000o\000n\000c\000e\000p\000t\000s}{}% 3
\BOOKMARK [1][-]{section.2.1}{\376\377\000C\000o\000n\000v\000e\000x\000\040\000F\000u\000n\000c\000t\000i\000o\000n\000s}{chapter.2}% 4
\BOOKMARK [1][-]{section.2.2}{\376\377\000O\000v\000e\000r\000v\000i\000e\000w\000\040\000o\000f\000\040\000M\000A\000T\000L\000A\000B}{chapter.2}% 5
\BOOKMARK [2][-]{subsection.2.2.1}{\376\377\000C\000V\000X\000\040\000T\000o\000o\000l}{section.2.2}% 6
\BOOKMARK [0][-]{chapter.3}{\376\377\000T\000a\000s\000k\000s\000\040\000\050\000F\000r\000o\000m\000\040\0001\000\040\000t\000o\000\040\0001\0000\000\051}{}% 7
\BOOKMARK [1][-]{section.3.1}{\376\377\000T\000a\000s\000k\000\040\0002\000:\000\040\000C\000o\000m\000p\000a\000r\000i\000s\000o\000n\000\040\000o\000f\000\040\0001\000R\000-\000\040\000a\000n\000d\000\040\000H\000i\000n\000g\000e\000\040\000L\000o\000s\000s}{chapter.3}% 8
\BOOKMARK [2][-]{subsection.3.1.1}{\376\377\000A\000n\000a\000l\000y\000t\000i\000c\000a\000l\000\040\000P\000r\000o\000o\000f}{section.3.1}% 9
\BOOKMARK [2][-]{subsection.3.1.2}{\376\377\000G\000r\000a\000p\000h\000i\000c\000a\000l\000\040\000P\000r\000o\000o\000f}{section.3.1}% 10
\BOOKMARK [2][-]{subsection.3.1.3}{\376\377\000D\000i\000s\000c\000u\000s\000s\000i\000o\000n\000\040\000o\000f\000\040\000t\000h\000e\000\040\000G\000r\000a\000p\000h}{section.3.1}% 11
\BOOKMARK [2][-]{subsection.3.1.4}{\376\377\000C\000o\000n\000v\000e\000x\000i\000t\000y\000\040\000o\000f\000\040\000t\000h\000e\000\040\000H\000i\000n\000g\000e\000\040\000L\000o\000s\000s\000\040\000F\000u\000n\000c\000t\000i\000o\000n}{section.3.1}% 12
\BOOKMARK [1][-]{section.3.2}{\376\377\000T\000a\000s\000k\000\040\0003\000:\000\040\000C\000o\000n\000v\000e\000x\000i\000t\000y\000\040\000o\000f\000\040\000t\000h\000e\000\040\000F\000u\000n\000c\000t\000i\000o\000n\000\040\000g\000D\000\050\000w\0000\000,\000\040\000w\000\051}{chapter.3}% 13
\BOOKMARK [2][-]{subsection.3.2.1}{\376\377\000A\000n\000a\000l\000y\000t\000i\000c\000a\000l\000\040\000P\000r\000o\000o\000f}{section.3.2}% 14
\BOOKMARK [1][-]{section.3.3}{\376\377\000T\000a\000s\000k\000\040\0004\000:\000\040\000C\000o\000n\000v\000e\000x\000i\000t\000y\000\040\000o\000f\000\040\000t\000h\000e\000\040\000F\000u\000n\000c\000t\000i\000o\000n\000\040\000g\000\050\000w\0000\000,\000\040\000w\000\051}{chapter.3}% 15
\BOOKMARK [2][-]{subsection.3.3.1}{\376\377\000A\000n\000a\000l\000y\000t\000i\000c\000a\000l\000\040\000P\000r\000o\000o\000f}{section.3.3}% 16
\BOOKMARK [1][-]{section.3.4}{\376\377\000T\000a\000s\000k\000\040\0005}{chapter.3}% 17
\BOOKMARK [1][-]{section.3.5}{\376\377\000T\000a\000s\000k\000\040\0006}{chapter.3}% 18
\BOOKMARK [1][-]{section.3.6}{\376\377\000T\000a\000s\000k\000\040\0006\000:\000\040\000N\000u\000m\000e\000r\000i\000c\000a\000l\000\040\000S\000o\000l\000u\000t\000i\000o\000n\000\040\000U\000s\000i\000n\000g\000\040\000C\000V\000X}{chapter.3}% 19
\BOOKMARK [1][-]{section.3.7}{\376\377\000T\000a\000s\000k\000\040\0007}{chapter.3}% 20
\BOOKMARK [1][-]{section.3.8}{\376\377\000T\000a\000s\000k\000\040\0008}{chapter.3}% 21
\BOOKMARK [1][-]{section.3.9}{\376\377\000T\000a\000s\000k\000\040\0009}{chapter.3}% 22
\BOOKMARK [1][-]{section.3.10}{\376\377\000T\000a\000s\000k\000\040\0001\0000}{chapter.3}% 23
\BOOKMARK [0][-]{chapter.4}{\376\377\000C\000o\000n\000c\000l\000u\000s\000i\000o\000n}{}% 24
\BOOKMARK [0][-]{chapter.4}{\376\377\000R\000e\000f\000e\000r\000e\000n\000c\000e\000s}{}% 25
